#
# A fatal error has been detected by the Java Runtime Environment:
#
#  EXCEPTION_ACCESS_VIOLATION (0xc0000005) at pc=0x000000006f0f9626, pid=176572, tid=176816
#
# JRE version: 7.0_11-b21
# Java VM: Java HotSpot(TM) 64-Bit Server VM (23.6-b04 mixed mode windows-amd64 compressed oops)
# Problematic frame:
# C  [libmwservices.dll+0x99626]
#
# Failed to write core dump. Minidumps are not enabled by default on client versions of Windows
#
# If you would like to submit a bug report, please visit:
#   http://bugreport.sun.com/bugreport/crash.jsp
# The crash happened outside the Java Virtual Machine in native code.
# See problematic frame for where to report the bug.
#

---------------  T H R E A D  ---------------

Current thread (0x000000005a577000):  JavaThread "pool-3-thread-1" [_thread_in_native, id=176816, stack(0x00000000d3ff0000,0x00000000d7ff0000)]

siginfo: ExceptionCode=0xc0000005, reading address 0x0000000000000040

Registers:
RAX=0x000000000002b2b0, RBX=0x00000000d7fef3e8, RCX=0x0000000000000000, RDX=0x00000000d7fef3e8
RSP=0x00000000d7fef340, RBP=0x00000000d7fef480, RSI=0x0000000000000000, RDI=0x0000000000000000
R8 =0x0000000000000000, R9 =0x0000000022b66350, R10=0x000000002435237c, R11=0x000000005cc12070
R12=0x0000000000000000, R13=0x00000000e115f4e8, R14=0x00000000d7fef498, R15=0x000000005a577000
RIP=0x000000006f0f9626, EFLAGS=0x0000000000010202

Top of Stack: (sp=0x00000000d7fef340)
0x00000000d7fef340:   00000000d7fef498 00000000e115f4e8
0x00000000d7fef350:   0000000000000000 000000005a577000
0x00000000d7fef360:   00000000d7fef3e8 000000006f12645c
0x00000000d7fef370:   000000005a39d7e8 000000006a2b1d90
0x00000000d7fef380:   00000000d7fef480 0000000000000000
0x00000000d7fef390:   fffffffffffffffe 000000006f3aec80
0x00000000d7fef3a0:   0000000067c1f301 000000005cacdc66
0x00000000d7fef3b0:   00000000243461f8 000000006a2b1dad
0x00000000d7fef3c0:   00000000d7fef3e8 0000000000000000
0x00000000d7fef3d0:   000000005a5771d8 00000000e05d54b8
0x00000000d7fef3e0:   fffffffffffffffe 0000000024352235
0x00000000d7fef3f0:   000000005a39d800 000000005a577000
0x00000000d7fef400:   00000000d7fef480 000000002435d3e3
0x00000000d7fef410:   00000000e115f4e8 00000000243523a8
0x00000000d7fef420:   00000000d7fef538 00000000d7fef4f0
0x00000000d7fef430:   000000005a577000 00000000d7fef4f0 

Instructions: (pc=0x000000006f0f9626)
0x000000006f0f9606:   8b 01 ff 90 90 00 00 00 48 8b c3 48 83 c4 20 5b
0x000000006f0f9616:   c3 cc cc cc cc cc cc cc cc cc 40 53 48 83 ec 20
0x000000006f0f9626:   48 8b 49 40 48 8b da c7 44 24 30 00 00 00 00 48
0x000000006f0f9636:   8b 01 ff 90 98 00 00 00 48 8b c3 48 83 c4 20 5b 


Register to memory mapping:

RAX=0x000000000002b2b0 is an unknown value
RBX=0x00000000d7fef3e8 is pointing into the stack for thread: 0x000000005a577000
RCX=0x0000000000000000 is an unknown value
RDX=0x00000000d7fef3e8 is pointing into the stack for thread: 0x000000005a577000
RSP=0x00000000d7fef340 is pointing into the stack for thread: 0x000000005a577000
RBP=0x00000000d7fef480 is pointing into the stack for thread: 0x000000005a577000
RSI=0x0000000000000000 is an unknown value
RDI=0x0000000000000000 is an unknown value
R8 =0x0000000000000000 is an unknown value
R9 =0x0000000022b66350 is an unknown value
R10=0x000000002435237c is an Interpreter codelet
method entry point (kind = native)  [0x0000000024352100, 0x0000000024352980]  2176 bytes
R11=0x000000005cc12070 is an unknown value
R12=0x0000000000000000 is an unknown value
R13=0x00000000e115f4e8 is an oop
{method} 
 - klass: {other class}
R14=0x00000000d7fef498 is pointing into the stack for thread: 0x000000005a577000
R15=0x000000005a577000 is a thread


Stack: [0x00000000d3ff0000,0x00000000d7ff0000],  sp=0x00000000d7fef340,  free space=65532k
Native frames: (J=compiled Java code, j=interpreted, Vv=VM code, C=native code)
C  [libmwservices.dll+0x99626]
j  com.mathworks.services.lmgr.NativeLmgr.getEntitlementId()Ljava/lang/String;+0
j  com.mathworks.webintegration.vrd.NativeLmgrLicenseAdapter.getEntitlementId()I+11
j  com.mathworks.vrd.license.ObservableLicense.getEntitlementId()I+4
j  com.mathworks.vrd.model.VRDModelImpl.validate(Lcom/mathworks/vrd/license/License;)I+25
j  com.mathworks.vrd.command.ValidateCommandInternal.sendValidateRequest(Lcom/mathworks/vrd/license/License;)Lcom/mathworks/vrd/command/ValidateStatus;+5
j  com.mathworks.vrd.command.ValidateCommandInternal.validate(Lcom/mathworks/vrd/license/License;)Lcom/mathworks/vrd/command/ValidateStatus;+83
j  com.mathworks.vrd.command.ValidateCommandImpl.validate(Lcom/mathworks/vrd/license/License;)Lcom/mathworks/vrd/command/ValidateStatus;+19
j  com.mathworks.webintegration.vrd.VRDController$ValidateCommandWorker.run()V+175
j  java.util.concurrent.ThreadPoolExecutor.runWorker(Ljava/util/concurrent/ThreadPoolExecutor$Worker;)V+46
j  java.util.concurrent.ThreadPoolExecutor$Worker.run()V+5
j  java.lang.Thread.run()V+11
v  ~StubRoutines::call_stub

Java frames: (J=compiled Java code, j=interpreted, Vv=VM code)
j  com.mathworks.services.lmgr.NativeLmgr.nativeGetEntitlementId()Ljava/lang/String;+0
j  com.mathworks.services.lmgr.NativeLmgr.getEntitlementId()Ljava/lang/String;+0
j  com.mathworks.webintegration.vrd.NativeLmgrLicenseAdapter.getEntitlementId()I+11
j  com.mathworks.vrd.license.ObservableLicense.getEntitlementId()I+4
j  com.mathworks.vrd.model.VRDModelImpl.validate(Lcom/mathworks/vrd/license/License;)I+25
j  com.mathworks.vrd.command.ValidateCommandInternal.sendValidateRequest(Lcom/mathworks/vrd/license/License;)Lcom/mathworks/vrd/command/ValidateStatus;+5
j  com.mathworks.vrd.command.ValidateCommandInternal.validate(Lcom/mathworks/vrd/license/License;)Lcom/mathworks/vrd/command/ValidateStatus;+83
j  com.mathworks.vrd.command.ValidateCommandImpl.validate(Lcom/mathworks/vrd/license/License;)Lcom/mathworks/vrd/command/ValidateStatus;+19
j  com.mathworks.webintegration.vrd.VRDController$ValidateCommandWorker.run()V+175
j  java.util.concurrent.ThreadPoolExecutor.runWorker(Ljava/util/concurrent/ThreadPoolExecutor$Worker;)V+46
j  java.util.concurrent.ThreadPoolExecutor$Worker.run()V+5
j  java.lang.Thread.run()V+11
v  ~StubRoutines::call_stub

---------------  P R O C E S S  ---------------

Java Threads: ( => current thread )
  0x000000005a573000 JavaThread "MultiThreadedHttpConnectionManager cleanup" daemon [_thread_blocked, id=176872, stack(0x000000009bff0000,0x000000009fff0000)]
  0x000000005a57c000 JavaThread "pool-3-thread-3" [_thread_blocked, id=176828, stack(0x0000000104000000,0x0000000108000000)]
  0x000000005a577800 JavaThread "pool-3-thread-2" [_thread_blocked, id=176824, stack(0x00000000dbff0000,0x00000000dfff0000)]
  0x000000005a57a800 JavaThread "ContributedToolsLoader" [_thread_blocked, id=176844, stack(0x00000000d7ff0000,0x00000000dbff0000)]
=>0x000000005a577000 JavaThread "pool-3-thread-1" [_thread_in_native, id=176816, stack(0x00000000d3ff0000,0x00000000d7ff0000)]
  0x000000005a579000 JavaThread "Swing-Shell" daemon [_thread_blocked, id=176444, stack(0x0000000100000000,0x0000000104000000)]
  0x000000005a578800 JavaThread "FileDecorationCache request queue" daemon [_thread_blocked, id=176416, stack(0x00000000cfff0000,0x00000000d3ff0000)]
  0x000000005a576000 JavaThread "ClipboardMonitor Timer" daemon [_thread_blocked, id=176340, stack(0x00000000cbff0000,0x00000000cfff0000)]
  0x000000005a574800 JavaThread "Explorer NavigationContext request queue" daemon [_thread_blocked, id=176332, stack(0x00000000c7ff0000,0x00000000cbff0000)]
  0x000000005a574000 JavaThread "Image Fetcher 1" daemon [_thread_blocked, id=176312, stack(0x00000000c3ff0000,0x00000000c7ff0000)]
  0x000000005a571800 JavaThread "AddressBar directory emptiness poller" daemon [_thread_blocked, id=176328, stack(0x00000000bbff0000,0x00000000bfff0000)]
  0x000000005a572800 JavaThread "Explorer Refresh Service 1705658384" daemon [_thread_blocked, id=176316, stack(0x00000000b7ff0000,0x00000000bbff0000)]
  0x000000005a571000 JavaThread "TimerQueue" daemon [_thread_blocked, id=176288, stack(0x00000000a7ff0000,0x00000000abff0000)]
  0x000000005a570000 JavaThread "Thread-3" daemon [_thread_blocked, id=176276, stack(0x0000000097ff0000,0x000000009bff0000)]
  0x0000000059f7c000 JavaThread "AWT-EventQueue-0" [_thread_blocked, id=176252, stack(0x0000000093ff0000,0x0000000097ff0000)]
  0x0000000059e78000 JavaThread "com.google.common.base.internal.Finalizer" daemon [_thread_blocked, id=176160, stack(0x000000008fff0000,0x0000000093ff0000)]
  0x0000000059e48800 JavaThread "Image Fetcher 0" daemon [_thread_blocked, id=176264, stack(0x000000008bff0000,0x000000008fff0000)]
  0x0000000059e40000 JavaThread "AWT-Windows" daemon [_thread_in_native, id=176152, stack(0x0000000087ff0000,0x000000008bff0000)]
  0x0000000059e3f000 JavaThread "AWT-Shutdown" [_thread_blocked, id=176156, stack(0x0000000083ff0000,0x0000000087ff0000)]
  0x0000000059c7c800 JavaThread "Java2D Disposer" daemon [_thread_blocked, id=176144, stack(0x000000007fff0000,0x0000000083ff0000)]
  0x0000000023b50000 JavaThread "Timer-0" [_thread_blocked, id=176164, stack(0x00000000773e0000,0x000000007b3e0000)]
  0x0000000059c01800 JavaThread "EventMgr Dispatcher" daemon [_thread_in_native, id=175112, stack(0x000000006ff60000,0x0000000073f60000)]
  0x0000000023da9800 JavaThread "Service Thread" daemon [_thread_blocked, id=175380, stack(0x000000005ee00000,0x0000000062e00000)]
  0x0000000023da8800 JavaThread "C2 CompilerThread1" daemon [_thread_blocked, id=176088, stack(0x0000000055b70000,0x0000000059b70000)]
  0x0000000023da0000 JavaThread "C2 CompilerThread0" daemon [_thread_blocked, id=176184, stack(0x0000000051b70000,0x0000000055b70000)]
  0x0000000023d9b000 JavaThread "Attach Listener" daemon [_thread_blocked, id=174584, stack(0x000000004db70000,0x0000000051b70000)]
  0x0000000023d12000 JavaThread "Finalizer" daemon [_thread_blocked, id=175428, stack(0x0000000049b70000,0x000000004db70000)]
  0x0000000023d0c000 JavaThread "Reference Handler" daemon [_thread_blocked, id=171932, stack(0x0000000045b70000,0x0000000049b70000)]
  0x0000000022b82000 JavaThread "main" [_thread_in_native, id=175776, stack(0x0000000000030000,0x0000000004030000)]

Other Threads:
  0x00000000229e5000 VMThread [stack: 0x0000000041b70000,0x0000000045b70000] [id=175408]
  0x0000000023dc2000 WatcherThread [stack: 0x0000000062e00000,0x0000000066e00000] [id=174944]

VM state:not at safepoint (normal execution)

VM Mutex/Monitor currently owned by a thread: None

Heap
 PSYoungGen      total 84032K, used 36303K [0x00000000fa000000, 0x0000000100000000, 0x0000000100000000)
  eden space 72576K, 34% used [0x00000000fa000000,0x00000000fb844f00,0x00000000fe6e0000)
  from space 11456K, 99% used [0x00000000fe6e0000,0x00000000ff20efe8,0x00000000ff210000)
  to   space 14208K, 0% used [0x00000000ff220000,0x00000000ff220000,0x0000000100000000)
 ParOldGen       total 71360K, used 34243K [0x00000000e8000000, 0x00000000ec5b0000, 0x00000000fa000000)
  object space 71360K, 47% used [0x00000000e8000000,0x00000000ea170f70,0x00000000ec5b0000)
 PSPermGen       total 81984K, used 58080K [0x00000000e0000000, 0x00000000e5010000, 0x00000000e8000000)
  object space 81984K, 70% used [0x00000000e0000000,0x00000000e38b8378,0x00000000e5010000)

Card table byte_map: [0x0000000009f30000,0x000000000a040000] byte_map_base: 0x0000000009830000

Polling page: 0x00000000088c0000

Code Cache  [0x0000000024340000, 0x00000000245e0000, 0x0000000027340000)
 total_blobs=1436 nmethods=773 adapters=613 free_code_cache=46570Kb largest_free_block=47614912

Compilation events (10 events):
Event: 11.178 Thread 0x0000000023da8800  811             sun.text.normalizer.NormalizerBase::normalize (223 bytes)
Event: 11.182 Thread 0x0000000023da8800 nmethod 811 0x000000002458f390 code [0x000000002458f520, 0x000000002458f980]
Event: 11.188 Thread 0x0000000023da0000  812             java.net.URI$Parser::charAt (9 bytes)
Event: 11.188 Thread 0x0000000023da8800  813             sun.security.provider.X509Factory::readOneBlock (419 bytes)
Event: 11.188 Thread 0x0000000023da0000 nmethod 812 0x00000000244e2f10 code [0x00000000244e3060, 0x00000000244e3118]
Event: 11.191 Thread 0x0000000023da0000  814             java.util.Arrays::hashCode (44 bytes)
Event: 11.192 Thread 0x0000000023da0000 nmethod 814 0x00000000244e2c10 code [0x00000000244e2d40, 0x00000000244e2e58]
Event: 11.206 Thread 0x0000000023da0000  815             sun.security.provider.DigestBase::engineUpdate (188 bytes)
Event: 11.210 Thread 0x0000000023da0000 nmethod 815 0x00000000243f5350 code [0x00000000243f54c0, 0x00000000243f5908]
Event: 11.210 Thread 0x0000000023da8800 nmethod 813 0x00000000245d3690 code [0x00000000245d3980, 0x00000000245d5ee8]

GC Heap History (10 events):
Event: 4.592 GC heap before
{Heap before GC invocations=16 (full 1):
 PSYoungGen      total 86272K, used 3256K [0x00000000fa000000, 0x0000000100000000, 0x0000000100000000)
  eden space 75520K, 0% used [0x00000000fa000000,0x00000000fa000000,0x00000000fe9c0000)
  from space 10752K, 30% used [0x00000000fe9c0000,0x00000000fecee130,0x00000000ff440000)
  to   space 10432K, 0% used [0x00000000ff5d0000,0x00000000ff5d0000,0x0000000100000000)
 ParOldGen       total 69248K, used 66835K [0x00000000e8000000, 0x00000000ec3a0000, 0x00000000fa000000)
  object space 69248K, 96% used [0x00000000e8000000,0x00000000ec144ec0,0x00000000ec3a0000)
 PSPermGen       total 41024K, used 40855K [0x00000000e0000000, 0x00000000e2810000, 0x00000000e8000000)
  object space 41024K, 99% used [0x00000000e0000000,0x00000000e27e5ff8,0x00000000e2810000)
Event: 4.696 GC heap after
Heap after GC invocations=16 (full 1):
 PSYoungGen      total 86272K, used 0K [0x00000000fa000000, 0x0000000100000000, 0x0000000100000000)
  eden space 75520K, 0% used [0x00000000fa000000,0x00000000fa000000,0x00000000fe9c0000)
  from space 10752K, 0% used [0x00000000fe9c0000,0x00000000fe9c0000,0x00000000ff440000)
  to   space 10432K, 0% used [0x00000000ff5d0000,0x00000000ff5d0000,0x0000000100000000)
 ParOldGen       total 71360K, used 34235K [0x00000000e8000000, 0x00000000ec5b0000, 0x00000000fa000000)
  object space 71360K, 47% used [0x00000000e8000000,0x00000000ea16ef70,0x00000000ec5b0000)
 PSPermGen       total 81984K, used 40838K [0x00000000e0000000, 0x00000000e5010000, 0x00000000e8000000)
  object space 81984K, 49% used [0x00000000e0000000,0x00000000e27e1b28,0x00000000e5010000)
}
Event: 6.790 GC heap before
{Heap before GC invocations=17 (full 1):
 PSYoungGen      total 86272K, used 75520K [0x00000000fa000000, 0x0000000100000000, 0x0000000100000000)
  eden space 75520K, 100% used [0x00000000fa000000,0x00000000fe9c0000,0x00000000fe9c0000)
  from space 10752K, 0% used [0x00000000fe9c0000,0x00000000fe9c0000,0x00000000ff440000)
  to   space 10432K, 0% used [0x00000000ff5d0000,0x00000000ff5d0000,0x0000000100000000)
 ParOldGen       total 71360K, used 34235K [0x00000000e8000000, 0x00000000ec5b0000, 0x00000000fa000000)
  object space 71360K, 47% used [0x00000000e8000000,0x00000000ea16ef70,0x00000000ec5b0000)
 PSPermGen       total 81984K, used 43053K [0x00000000e0000000, 0x00000000e5010000, 0x00000000e8000000)
  object space 81984K, 52% used [0x00000000e0000000,0x00000000e2a0b788,0x00000000e5010000)
Event: 6.794 GC heap after
Heap after GC invocations=17 (full 1):
 PSYoungGen      total 86720K, used 5626K [0x00000000fa000000, 0x00000000fff30000, 0x0000000100000000)
  eden space 77120K, 0% used [0x00000000fa000000,0x00000000fa000000,0x00000000feb50000)
  from space 9600K, 58% used [0x00000000ff5d0000,0x00000000ffb4e9f0,0x00000000fff30000)
  to   space 10176K, 0% used [0x00000000feb50000,0x00000000feb50000,0x00000000ff540000)
 ParOldGen       total 71360K, used 34235K [0x00000000e8000000, 0x00000000ec5b0000, 0x00000000fa000000)
  object space 71360K, 47% used [0x00000000e8000000,0x00000000ea16ef70,0x00000000ec5b0000)
 PSPermGen       total 81984K, used 43053K [0x00000000e0000000, 0x00000000e5010000, 0x00000000e8000000)
  object space 81984K, 52% used [0x00000000e0000000,0x00000000e2a0b788,0x00000000e5010000)
}
Event: 7.292 GC heap before
{Heap before GC invocations=18 (full 1):
 PSYoungGen      total 86720K, used 82746K [0x00000000fa000000, 0x00000000fff30000, 0x0000000100000000)
  eden space 77120K, 100% used [0x00000000fa000000,0x00000000feb50000,0x00000000feb50000)
  from space 9600K, 58% used [0x00000000ff5d0000,0x00000000ffb4e9f0,0x00000000fff30000)
  to   space 10176K, 0% used [0x00000000feb50000,0x00000000feb50000,0x00000000ff540000)
 ParOldGen       total 71360K, used 34235K [0x00000000e8000000, 0x00000000ec5b0000, 0x00000000fa000000)
  object space 71360K, 47% used [0x00000000e8000000,0x00000000ea16ef70,0x00000000ec5b0000)
 PSPermGen       total 81984K, used 46510K [0x00000000e0000000, 0x00000000e5010000, 0x00000000e8000000)
  object space 81984K, 56% used [0x00000000e0000000,0x00000000e2d6bbc8,0x00000000e5010000)
Event: 7.299 GC heap after
Heap after GC invocations=18 (full 1):
 PSYoungGen      total 87104K, used 9971K [0x00000000fa000000, 0x0000000100000000, 0x0000000100000000)
  eden space 77120K, 0% used [0x00000000fa000000,0x00000000fa000000,0x00000000feb50000)
  from space 9984K, 99% used [0x00000000feb50000,0x00000000ff50ce18,0x00000000ff510000)
  to   space 11200K, 0% used [0x00000000ff510000,0x00000000ff510000,0x0000000100000000)
 ParOldGen       total 71360K, used 34243K [0x00000000e8000000, 0x00000000ec5b0000, 0x00000000fa000000)
  object space 71360K, 47% used [0x00000000e8000000,0x00000000ea170f70,0x00000000ec5b0000)
 PSPermGen       total 81984K, used 46510K [0x00000000e0000000, 0x00000000e5010000, 0x00000000e8000000)
  object space 81984K, 56% used [0x00000000e0000000,0x00000000e2d6bbc8,0x00000000e5010000)
}
Event: 7.596 GC heap before
{Heap before GC invocations=19 (full 1):
 PSYoungGen      total 87104K, used 87091K [0x00000000fa000000, 0x0000000100000000, 0x0000000100000000)
  eden space 77120K, 100% used [0x00000000fa000000,0x00000000feb50000,0x00000000feb50000)
  from space 9984K, 99% used [0x00000000feb50000,0x00000000ff50ce18,0x00000000ff510000)
  to   space 11200K, 0% used [0x00000000ff510000,0x00000000ff510000,0x0000000100000000)
 ParOldGen       total 71360K, used 34243K [0x00000000e8000000, 0x00000000ec5b0000, 0x00000000fa000000)
  object space 71360K, 47% used [0x00000000e8000000,0x00000000ea170f70,0x00000000ec5b0000)
 PSPermGen       total 81984K, used 50333K [0x00000000e0000000, 0x00000000e5010000, 0x00000000e8000000)
  object space 81984K, 61% used [0x00000000e0000000,0x00000000e31275e8,0x00000000e5010000)
Event: 7.601 GC heap after
Heap after GC invocations=19 (full 1):
 PSYoungGen      total 83776K, used 10519K [0x00000000fa000000, 0x0000000100000000, 0x0000000100000000)
  eden space 72576K, 0% used [0x00000000fa000000,0x00000000fa000000,0x00000000fe6e0000)
  from space 11200K, 93% used [0x00000000ff510000,0x00000000fff55cb0,0x0000000100000000)
  to   space 12864K, 0% used [0x00000000fe6e0000,0x00000000fe6e0000,0x00000000ff370000)
 ParOldGen       total 71360K, used 34243K [0x00000000e8000000, 0x00000000ec5b0000, 0x00000000fa000000)
  object space 71360K, 47% used [0x00000000e8000000,0x00000000ea170f70,0x00000000ec5b0000)
 PSPermGen       total 81984K, used 50333K [0x00000000e0000000, 0x00000000e5010000, 0x00000000e8000000)
  object space 81984K, 61% used [0x00000000e0000000,0x00000000e31275e8,0x00000000e5010000)
}
Event: 10.816 GC heap before
{Heap before GC invocations=20 (full 1):
 PSYoungGen      total 83776K, used 83095K [0x00000000fa000000, 0x0000000100000000, 0x0000000100000000)
  eden space 72576K, 100% used [0x00000000fa000000,0x00000000fe6e0000,0x00000000fe6e0000)
  from space 11200K, 93% used [0x00000000ff510000,0x00000000fff55cb0,0x0000000100000000)
  to   space 12864K, 0% used [0x00000000fe6e0000,0x00000000fe6e0000,0x00000000ff370000)
 ParOldGen       total 71360K, used 34243K [0x00000000e8000000, 0x00000000ec5b0000, 0x00000000fa000000)
  object space 71360K, 47% used [0x00000000e8000000,0x00000000ea170f70,0x00000000ec5b0000)
 PSPermGen       total 81984K, used 54124K [0x00000000e0000000, 0x00000000e5010000, 0x00000000e8000000)
  object space 81984K, 66% used [0x00000000e0000000,0x00000000e34db118,0x00000000e5010000)
Event: 10.824 GC heap after
Heap after GC invocations=20 (full 1):
 PSYoungGen      total 84032K, used 11451K [0x00000000fa000000, 0x0000000100000000, 0x0000000100000000)
  eden space 72576K, 0% used [0x00000000fa000000,0x00000000fa000000,0x00000000fe6e0000)
  from space 11456K, 99% used [0x00000000fe6e0000,0x00000000ff20efe8,0x00000000ff210000)
  to   space 14208K, 0% used [0x00000000ff220000,0x00000000ff220000,0x0000000100000000)
 ParOldGen       total 71360K, used 34243K [0x00000000e8000000, 0x00000000ec5b0000, 0x00000000fa000000)
  object space 71360K, 47% used [0x00000000e8000000,0x00000000ea170f70,0x00000000ec5b0000)
 PSPermGen       total 81984K, used 54124K [0x00000000e0000000, 0x00000000e5010000, 0x00000000e8000000)
  object space 81984K, 66% used [0x00000000e0000000,0x00000000e34db118,0x00000000e5010000)
}

Deoptimization events (10 events):
Event: 11.068 Thread 0x000000005a57c000 Uncommon trap -58 fr.pc 0x00000000244683ac
Event: 11.068 Thread 0x000000005a57c000 Uncommon trap -58 fr.pc 0x00000000244683ac
Event: 11.068 Thread 0x000000005a57c000 Uncommon trap -34 fr.pc 0x000000002454a504
Event: 11.068 Thread 0x000000005a57c000 Uncommon trap -58 fr.pc 0x00000000244683ac
Event: 11.136 Thread 0x000000005a57c000 Uncommon trap -12 fr.pc 0x000000002459cd6c
Event: 11.139 Thread 0x000000005a57c000 Uncommon trap -12 fr.pc 0x00000000245bc060
Event: 11.171 Thread 0x000000005a57c000 Uncommon trap -34 fr.pc 0x00000000245962a4
Event: 11.201 Thread 0x000000005a57c000 Uncommon trap -34 fr.pc 0x00000000245962a4
Event: 11.205 Thread 0x000000005a57c000 Uncommon trap -34 fr.pc 0x00000000245962a4
Event: 11.206 Thread 0x000000005a57c000 Uncommon trap -34 fr.pc 0x00000000245962a4

Internal exceptions (10 events):
Event: 11.319 Thread 0x000000005a57c000 Threw 0x00000000fb799ae8 at C:\jdk7u1_64p\jdk7u11\hotspot\src\share\vm\prims\jvm.cpp:1166
Event: 11.319 Thread 0x000000005a57c000 Threw 0x00000000fb79d028 at C:\jdk7u1_64p\jdk7u11\hotspot\src\share\vm\prims\jvm.cpp:1166
Event: 11.319 Thread 0x000000005a57c000 Threw 0x00000000fb7a10b8 at C:\jdk7u1_64p\jdk7u11\hotspot\src\share\vm\prims\jvm.cpp:1166
Event: 11.320 Thread 0x000000005a57c000 Threw 0x00000000fb7a4970 at C:\jdk7u1_64p\jdk7u11\hotspot\src\share\vm\prims\jvm.cpp:1166
Event: 11.320 Thread 0x000000005a57c000 Threw 0x00000000fb7a8a48 at C:\jdk7u1_64p\jdk7u11\hotspot\src\share\vm\prims\jvm.cpp:1166
Event: 11.320 Thread 0x000000005a57c000 Threw 0x00000000fb7acb40 at C:\jdk7u1_64p\jdk7u11\hotspot\src\share\vm\prims\jvm.cpp:1166
Event: 11.320 Thread 0x000000005a57c000 Threw 0x00000000fb7b0a48 at C:\jdk7u1_64p\jdk7u11\hotspot\src\share\vm\prims\jvm.cpp:1166
Event: 11.320 Thread 0x000000005a57c000 Threw 0x00000000fb7b4c60 at C:\jdk7u1_64p\jdk7u11\hotspot\src\share\vm\prims\jvm.cpp:1166
Event: 11.322 Thread 0x000000005a577800 Threw 0x00000000fb7df9d0 at C:\jdk7u1_64p\jdk7u11\hotspot\src\share\vm\prims\jvm.cpp:1166
Event: 11.322 Thread 0x000000005a577800 Threw 0x00000000fb7fab30 at C:\jdk7u1_64p\jdk7u11\hotspot\src\share\vm\prims\jvm.cpp:1166

Events (10 events):
Event: 11.320 loading class 0x0000000022916450
Event: 11.320 loading class 0x0000000022916450 done
Event: 11.320 loading class 0x000000005bfc5fd0
Event: 11.320 loading class 0x000000005bfc5fd0 done
Event: 11.322 loading class 0x0000000067868f90
Event: 11.322 loading class 0x0000000067868f90 done
Event: 11.322 loading class 0x000000005a514480
Event: 11.322 loading class 0x000000005a514480 done
Event: 11.323 Executing VM operation: RevokeBias
Event: 11.323 Executing VM operation: RevokeBias done


Dynamic libraries:
0x0000000140000000 - 0x0000000140029000 	C:\Program Files\MATLAB\R2013b\bin\win64\matlab.exe
0x0000000077210000 - 0x00000000773b9000 	C:\Windows\SYSTEM32\ntdll.dll
0x0000000076ff0000 - 0x000000007710f000 	C:\Windows\system32\kernel32.dll
0x000007fefd0f0000 - 0x000007fefd15c000 	C:\Windows\system32\KERNELBASE.dll
0x000000006f060000 - 0x000000006f3dc000 	C:\Program Files\MATLAB\R2013b\bin\win64\libmwservices.dll
0x000000006fe80000 - 0x000000006ff56000 	C:\Program Files\MATLAB\R2013b\bin\win64\libmwi18n.dll
0x000000006fe70000 - 0x000000006fe7d000 	C:\Program Files\MATLAB\R2013b\bin\win64\libmwresource_core.dll
0x000000006f5c0000 - 0x000000006f658000 	C:\Program Files\MATLAB\R2013b\bin\win64\MSVCP100.dll
0x000000006de70000 - 0x000000006df42000 	C:\Program Files\MATLAB\R2013b\bin\win64\MSVCR100.dll
0x0000000000020000 - 0x000000000002e000 	C:\Program Files\MATLAB\R2013b\bin\win64\boost_date_time-vc100-mt-1_49.dll
0x000000006fcb0000 - 0x000000006fcdc000 	C:\Program Files\MATLAB\R2013b\bin\win64\boost_filesystem-vc100-mt-1_49.dll
0x00000000040d0000 - 0x00000000040d9000 	C:\Program Files\MATLAB\R2013b\bin\win64\boost_system-vc100-mt-1_49.dll
0x000007fefd7e0000 - 0x000007fefd8bb000 	C:\Windows\system32\ADVAPI32.dll
0x000007fefe020000 - 0x000007fefe0bf000 	C:\Windows\system32\msvcrt.dll
0x000007fefd390000 - 0x000007fefd3af000 	C:\Windows\SYSTEM32\sechost.dll
0x000007fefdbc0000 - 0x000007fefdced000 	C:\Windows\system32\RPCRT4.dll
0x000000006f410000 - 0x000000006f435000 	C:\Program Files\MATLAB\R2013b\bin\win64\LIBEXPAT.dll
0x000000005ec70000 - 0x000000005edfa000 	C:\Program Files\MATLAB\R2013b\bin\win64\icuin49.dll
0x000000005eb30000 - 0x000000005ec6e000 	C:\Program Files\MATLAB\R2013b\bin\win64\icuuc49.dll
0x000000005da00000 - 0x000000005eb22000 	C:\Program Files\MATLAB\R2013b\bin\win64\icudt49.dll
0x000000006fd30000 - 0x000000006fd40000 	C:\Program Files\MATLAB\R2013b\bin\win64\icuio49.dll
0x0000000004120000 - 0x00000000041db000 	C:\Program Files\MATLAB\R2013b\bin\win64\libut.dll
0x000000006f960000 - 0x000000006fb07000 	C:\Program Files\MATLAB\R2013b\bin\win64\libmwfl.dll
0x0000000004300000 - 0x000000000470f000 	C:\Program Files\MATLAB\R2013b\bin\win64\libmwMATLAB_res.dll
0x000000005d920000 - 0x000000005d9ff000 	C:\Program Files\MATLAB\R2013b\bin\win64\boost_regex-vc100-mt-1_49.dll
0x0000000077110000 - 0x000000007720a000 	C:\Windows\system32\USER32.dll
0x000007fefddd0000 - 0x000007fefde37000 	C:\Windows\system32\GDI32.dll
0x000007fefdb90000 - 0x000007fefdb9e000 	C:\Windows\system32\LPK.dll
0x000007feff070000 - 0x000007feff139000 	C:\Windows\system32\USP10.dll
0x000000006f6a0000 - 0x000000006f6b1000 	C:\Program Files\MATLAB\R2013b\bin\win64\boost_signals-vc100-mt-1_49.dll
0x00000000041e0000 - 0x00000000041f1000 	C:\Program Files\MATLAB\R2013b\bin\win64\boost_thread-vc100-mt-1_49.dll
0x000000006dde0000 - 0x000000006de6c000 	C:\Program Files\MATLAB\R2013b\bin\win64\boost_log-vc100-mt-1_49.dll
0x00000000773d0000 - 0x00000000773d7000 	C:\Windows\system32\PSAPI.DLL
0x000007fefd5c0000 - 0x000007fefd60d000 	C:\Windows\system32\WS2_32.dll
0x000007fefe120000 - 0x000007fefe128000 	C:\Windows\system32\NSI.dll
0x000007fef2d00000 - 0x000007fef2d33000 	C:\Program Files\MATLAB\R2013b\bin\win64\tbb.dll
0x000007fefdba0000 - 0x000007fefdbb9000 	C:\Windows\system32\imagehlp.dll
0x000007fefb2d0000 - 0x000007fefb2fc000 	C:\Windows\system32\POWRPROF.dll
0x000007fefde40000 - 0x000007fefe017000 	C:\Windows\system32\SETUPAPI.dll
0x000007fefd030000 - 0x000007fefd066000 	C:\Windows\system32\CFGMGR32.dll
0x000007fefdcf0000 - 0x000007fefddc7000 	C:\Windows\system32\OLEAUT32.dll
0x000007fefd3b0000 - 0x000007fefd5b3000 	C:\Windows\system32\ole32.dll
0x000007fefd2d0000 - 0x000007fefd2ea000 	C:\Windows\system32\DEVOBJ.dll
0x0000000004710000 - 0x000000000480b000 	C:\Program Files\MATLAB\R2013b\bin\win64\libmx.dll
0x000007fef3f30000 - 0x000007fef3f58000 	C:\Program Files\MATLAB\R2013b\bin\win64\tbbmalloc.dll
0x0000000004810000 - 0x0000000004827000 	C:\Program Files\MATLAB\R2013b\bin\win64\zlib1.dll
0x000000006ef00000 - 0x000000006ef4e000 	C:\Program Files\MATLAB\R2013b\bin\win64\libmwregexp.dll
0x000000006eeb0000 - 0x000000006eef7000 	C:\Program Files\MATLAB\R2013b\bin\win64\mpath.dll
0x0000000004830000 - 0x0000000004e58000 	C:\Program Files\MATLAB\R2013b\bin\win64\mlutil.dll
0x000000006e870000 - 0x000000006e8e7000 	C:\Program Files\MATLAB\R2013b\bin\win64\xmlcore.dll
0x000000005d6d0000 - 0x000000005d911000 	C:\Program Files\MATLAB\R2013b\bin\win64\xerces-c_2_7.dll
0x000000006e5f0000 - 0x000000006e613000 	C:\Program Files\MATLAB\R2013b\bin\win64\libmwMATLAB_settings_res.dll
0x000000006fd20000 - 0x000000006fd30000 	C:\Program Files\MATLAB\R2013b\bin\win64\boost_iostreams-vc100-mt-1_49.dll
0x000000006e4d0000 - 0x000000006e516000 	C:\Program Files\MATLAB\R2013b\bin\win64\boost_serialization-vc100-mt-1_49.dll
0x000007fefe2e0000 - 0x000007feff068000 	C:\Windows\system32\SHELL32.dll
0x000007fefd6c0000 - 0x000007fefd731000 	C:\Windows\system32\SHLWAPI.dll
0x000000006e580000 - 0x000000006e586000 	C:\Program Files\MATLAB\R2013b\bin\win64\libmwnativedisplay.dll
0x00000000685f0000 - 0x000000006863d000 	C:\Program Files\MATLAB\R2013b\bin\win64\opccore.dll
0x00000000684f0000 - 0x00000000685c6000 	C:\Program Files\MATLAB\R2013b\bin\win64\opcmodel.dll
0x00000000684c0000 - 0x00000000684ed000 	C:\Program Files\MATLAB\R2013b\bin\win64\opczippackage.dll
0x000000006ed30000 - 0x000000006ed3e000 	C:\Program Files\MATLAB\R2013b\bin\win64\libminizip.dll
0x0000000068340000 - 0x00000000683a6000 	C:\Program Files\MATLAB\R2013b\bin\win64\opcmwservices.dll
0x000007fef9de0000 - 0x000007fef9e80000 	C:\Windows\WinSxS\amd64_microsoft.windows.common-controls_6595b64144ccf1df_5.82.7601.18201_none_a4d3b9377117c3df\COMCTL32.dll
0x000007fefe240000 - 0x000007fefe2d7000 	C:\Windows\system32\COMDLG32.dll
0x000007fefa6e0000 - 0x000007fefa6f6000 	C:\Windows\system32\NETAPI32.dll
0x000007fefc440000 - 0x000007fefc44c000 	C:\Windows\system32\netutils.dll
0x000007fefcce0000 - 0x000007fefcd03000 	C:\Windows\system32\srvcli.dll
0x000007fefa6c0000 - 0x000007fefa6d5000 	C:\Windows\system32\wkscli.dll
0x0000000004e70000 - 0x0000000004f1d000 	C:\Program Files\MATLAB\R2013b\bin\win64\mcr.dll
0x000000006e110000 - 0x000000006e4d0000 	C:\Program Files\MATLAB\R2013b\bin\win64\iqm.dll
0x0000000180000000 - 0x00000001800c2000 	C:\Program Files\MATLAB\R2013b\bin\win64\m_dispatcher.dll
0x0000000004f20000 - 0x000000000571b000 	C:\Program Files\MATLAB\R2013b\bin\win64\m_interpreter.dll
0x000000006d760000 - 0x000000006d784000 	C:\Program Files\MATLAB\R2013b\bin\win64\libmex.dll
0x000000006d6e0000 - 0x000000006d75b000 	C:\Program Files\MATLAB\R2013b\bin\win64\profiler.dll
0x000000006d450000 - 0x000000006d5c8000 	C:\Program Files\MATLAB\R2013b\bin\win64\libmwmathutil.dll
0x000000006d420000 - 0x000000006d447000 	C:\Program Files\MATLAB\R2013b\bin\win64\libmwmathrng.dll
0x000000006d410000 - 0x000000006d420000 	C:\Program Files\MATLAB\R2013b\bin\win64\libmwmfl_rng.dll
0x0000000005720000 - 0x0000000005838000 	C:\Program Files\MATLAB\R2013b\bin\win64\libmwmathcore.dll
0x000000006d2b0000 - 0x000000006d313000 	C:\Program Files\MATLAB\R2013b\bin\win64\libmwspmatrix.dll
0x0000000005840000 - 0x0000000005aa2000 	C:\Program Files\MATLAB\R2013b\bin\win64\mcos.dll
0x000000006cfc0000 - 0x000000006d01c000 	C:\Program Files\MATLAB\R2013b\bin\win64\libmwcholmod.dll
0x000000006cfb0000 - 0x000000006cfbc000 	C:\Program Files\MATLAB\R2013b\bin\win64\libmwamd.dll
0x000000006cfa0000 - 0x000000006cfab000 	C:\Program Files\MATLAB\R2013b\bin\win64\libmwcolamd.dll
0x000000006cf80000 - 0x000000006cf93000 	C:\Program Files\MATLAB\R2013b\bin\win64\libmwblas.dll
0x000000006cf60000 - 0x000000006cf75000 	C:\Program Files\MATLAB\R2013b\bin\win64\libmwbinder.dll
0x000000006cf50000 - 0x000000006cf5b000 	C:\Program Files\MATLAB\R2013b\bin\win64\libmwompwrapper.dll
0x000000006ced0000 - 0x000000006cf4f000 	C:\Program Files\MATLAB\R2013b\bin\win64\libmwlapack.dll
0x000000006ceb0000 - 0x000000006ced0000 	C:\Program Files\MATLAB\R2013b\bin\win64\m_pcodeio.dll
0x000000006ce50000 - 0x000000006ceac000 	C:\Program Files\MATLAB\R2013b\bin\win64\m_ir.dll
0x0000000005ab0000 - 0x0000000006165000 	C:\Program Files\MATLAB\R2013b\bin\win64\m_parser.dll
0x000000006c780000 - 0x000000006c797000 	C:\Program Files\MATLAB\R2013b\bin\win64\ir_xfmr.dll
0x000000006c770000 - 0x000000006c780000 	C:\Program Files\MATLAB\R2013b\bin\win64\mtok.dll
0x000000006c740000 - 0x000000006c768000 	C:\Program Files\MATLAB\R2013b\bin\win64\m_pcodegen.dll
0x000007fefa310000 - 0x000007fefa435000 	C:\Windows\system32\dbghelp.dll
0x000000006c710000 - 0x000000006c73f000 	C:\Program Files\MATLAB\R2013b\bin\win64\libmwbridge.dll
0x000000006c650000 - 0x000000006c706000 	C:\Program Files\MATLAB\R2013b\bin\win64\udd.dll
0x0000000006170000 - 0x00000000062c1000 	C:\Program Files\MATLAB\R2013b\bin\win64\libmwgui.dll
0x000000006c4d0000 - 0x000000006c4f8000 	C:\Program Files\MATLAB\R2013b\bin\win64\graphics_util.dll
0x000000006d1c0000 - 0x000000006d278000 	C:\Program Files\MATLAB\R2013b\bin\win64\libtex_base.dll
0x000000006bac0000 - 0x000000006c426000 	C:\Program Files\MATLAB\R2013b\bin\win64\hg.dll
0x000000006ba60000 - 0x000000006babd000 	C:\Program Files\MATLAB\R2013b\bin\win64\libmat.dll
0x000000006b850000 - 0x000000006ba58000 	C:\Program Files\MATLAB\R2013b\bin\win64\hdf5dll.dll
0x000000006b780000 - 0x000000006b848000 	C:\Program Files\MATLAB\R2013b\bin\win64\jmi.dll
0x000000006b770000 - 0x000000006b77e000 	C:\Program Files\MATLAB\R2013b\bin\win64\nativejava_services.dll
0x00000000062e0000 - 0x0000000006322000 	C:\Program Files\MATLAB\R2013b\bin\win64\libmwhardcopy.dll
0x000000006b6d0000 - 0x000000006b72e000 	C:\Program Files\MATLAB\R2013b\bin\win64\libuij.dll
0x000000006b490000 - 0x000000006b695000 	C:\Program Files\MATLAB\R2013b\bin\win64\hgdatatypes.dll
0x0000000006330000 - 0x0000000006442000 	C:\Program Files\MATLAB\R2013b\bin\win64\hgutils.dll
0x000000006b2f0000 - 0x000000006b39e000 	C:\Program Files\MATLAB\R2013b\bin\win64\udd_mi.dll
0x000000006b2b0000 - 0x000000006b2e6000 	C:\Program Files\MATLAB\R2013b\bin\win64\libmwgbtutils.dll
0x000000006b290000 - 0x000000006b2a3000 	C:\Program Files\MATLAB\R2013b\bin\win64\libmwgbt.dll
0x000000006afc0000 - 0x000000006b28f000 	C:\Program Files\MATLAB\R2013b\bin\win64\uiw.dll
0x000000006afb0000 - 0x000000006afb9000 	C:\Program Files\MATLAB\R2013b\bin\win64\uinone.dll
0x000000006af80000 - 0x000000006afac000 	C:\Program Files\MATLAB\R2013b\bin\win64\libmwnativedialogs.dll
0x000000006af70000 - 0x000000006af7c000 	C:\Program Files\MATLAB\R2013b\bin\win64\libmwplatform_res.dll
0x000007fefaa30000 - 0x000007fefaa48000 	C:\Windows\system32\MPR.dll
0x000000005d170000 - 0x000000005d6cd000 	C:\Program Files\MATLAB\R2013b\bin\win64\mfc100.dll
0x000007fef42c0000 - 0x000007fef42c7000 	C:\Windows\system32\MSIMG32.dll
0x000007fef35d0000 - 0x000007fef3641000 	C:\Windows\system32\WINSPOOL.DRV
0x000000006af50000 - 0x000000006af6d000 	C:\Program Files\MATLAB\R2013b\bin\win64\mwoles05.DLL
0x000000006aee0000 - 0x000000006af4c000 	C:\Program Files\MATLAB\R2013b\bin\win64\comcli.dll
0x0000000006460000 - 0x000000000648b000 	C:\Program Files\MATLAB\R2013b\bin\win64\ATL100.DLL
0x000000006aed0000 - 0x000000006aedc000 	C:\Program Files\MATLAB\R2013b\bin\win64\mlautoregister.dll
0x0000000006490000 - 0x00000000065ff000 	C:\Program Files\MATLAB\R2013b\bin\win64\mvm.dll
0x000007fefd610000 - 0x000007fefd63e000 	C:\Windows\system32\IMM32.DLL
0x000007fefe130000 - 0x000007fefe239000 	C:\Windows\system32\MSCTF.dll
0x000007fefbaf0000 - 0x000007fefbb46000 	C:\Windows\system32\UxTheme.dll
0x000007fefb3f0000 - 0x000007fefb408000 	C:\Windows\system32\dwmapi.dll

VM Arguments:
jvm_args: -XX:PermSize=32m -Xms64m -XX:NewRatio=3 -XX:MaxPermSize=128m -Xmx384m -XX:MaxDirectMemorySize=2147400000 -Dsun.java2d.noddraw=true -Dsun.awt.nopixfmt=true -Xshare:off -Xrs -XX:-UseSplitVerifier -Djava.library.path=C:\Program Files\MATLAB\R2013b\bin\win64;C:\Program Files\MATLAB\R2013b\sys\jxbrowser\win64\lib;C:\Program Files\Micro-Manager-1.4;C:\Users\shahp2\Documents\MATLAB\AT vfprintf abort -Duser.language=en -Duser.country=US -XX:ParallelGCThreads=6 
java_command: <unknown>
Launcher Type: generic

Environment Variables:
PATH=C:\Program Files (x86)\Intel\iCLS Client\;C:\Program Files\Intel\iCLS Client\;C:\Windows\system32;C:\Windows;C:\Windows\System32\Wbem;C:\Windows\System32\WindowsPowerShell\v1.0\;C:\Program Files\Intel\Intel(R) Management Engine Components\DAL;C:\Program Files\Intel\Intel(R) Management Engine Components\IPT;C:\Program Files (x86)\Intel\Intel(R) Management Engine Components\DAL;C:\Program Files (x86)\Intel\Intel(R) Management Engine Components\IPT;C:\Program Files\MATLAB\R2013b\bin
USERNAME=ScopeUser
OS=Windows_NT
PROCESSOR_IDENTIFIER=Intel64 Family 6 Model 62 Stepping 4, GenuineIntel



---------------  S Y S T E M  ---------------

OS: Windows 7 , 64 bit Build 7601 Service Pack 1

CPU:total 12 (6 cores per cpu, 2 threads per core) family 6 model 62 stepping 4, cmov, cx8, fxsr, mmx, sse, sse2, sse3, ssse3, sse4.1, sse4.2, popcnt, avx, ht, tsc, tscinvbit

Memory: 4k page, physical 33476404k(25546376k free), swap 66950952k(58550140k free)

vm_info: Java HotSpot(TM) 64-Bit Server VM (23.6-b04) for windows-amd64 JRE (1.7.0_11-b21), built on Jan 12 2013 02:38:42 by "java_re" with unknown MS VC++:1600

time: Fri Mar 06 10:14:25 2015
elapsed time: 11 seconds

